This is pdfTeX, Version 3.141592653-2.6-1.40.25 (TeX Live 2023) (preloaded format=pdflatex 2024.1.9)  25 FEB 2025 09:43
entering extended mode
 restricted \write18 enabled.
 %&-line parsing enabled.
**Kitaev_kxy
(./Kitaev_kxy.tex
LaTeX2e <2023-11-01>
L3 programming layer <2024-01-04>
(/usr/local/texlive/2023/texmf-dist/tex/latex/revtex/revtex4-2.cls
Document Class: revtex4-2 2022/06/05 4.2f (https://journals.aps.org/revtex/ for
 documentation)
 Copyright (c) 2019 American Physical Society.
 mailto:revtex@aps.org
 Licensed under the LPPL:
http://www.ctan.org/tex-archive/macros/latex/base/lppl.txt
 Arthur Ogawa <arthur_ogawa at sbcglobal dot net>
 Based on work by David Carlisle <david at dcarlisle.demon.co.uk>
 Version (4.2d--4.2f): Modified by Mark Doyle and Phelype Oleinik
 .
ltxutil[2022/06/05 4.2f utilities package (portions licensed from W. E. Baxter 
web at superscript.com)]
LaTeX Info: Redefining \@centercr on input line 356.
Class revtex4-2 Info: Repairing broken LaTeX eqnarray on input line 417.
\eqncolsep=\skip48
Class revtex4-2 Info: Repairing hyperref-unfriendly LaTeX definition of \mpfoot
note on input line 492.
Class revtex4-2 Info: Repairing broken LateX \@sect on input line 814.
\intertabularlinepenalty=\count187
\@tbpen=\count188
\@arstrutbox@hline=\box51
Class revtex4-2 Info: Repairing broken LaTeX \@xbitor on input line 1845.
Class revtex4-2 Info: Making \typeout \long on input line 2110.
ltxfront[2022/06/05 4.2f frontmatter package (AO,DPC,MD)]
\c@affil=\count189
\c@collab=\count190
\absbox=\box52
ltxgrid[2022/06/05 4.2f page grid package (portions licensed from W. E. Baxter 
web at superscript.com)]
\c@linecount=\count191
\output@latex=\toks17
\box@size@1=\box53
\box@size@2=\box54
\@protection@box=\box55
\@topmark@saved=\toks18
\footins@saved=\box56
\footins@recovered=\box57
\column@recovered=\box58
\pagesofar=\box59
\footsofar=\box60
\pagegrid@col=\count192
Class revtex4-2 Info: Overriding \@vspace, \@vspacer, \@no@pgbk, \@newline, and
 \\  on input line 5676.
\c@part=\count193
\c@section=\count194
\c@subsection=\count195
\c@subsubsection=\count196
\c@paragraph=\count197
\c@subparagraph=\count198
\abovecaptionskip=\skip49
\belowcaptionskip=\skip50
\c@figure=\count199
\fbox@1=\box61
\c@table=\count266
\fbox@2=\box62
\c@video=\count267
\fbox@4=\box63
\@bibdataout=\write3
\widetext@top=\box64
\widetext@bot=\box65
Class revtex4-2 Info: Selecting society aps on input line 7669.
(/usr/local/texlive/2023/texmf-dist/tex/latex/revtex/aps4-2.rtx
File: aps4-2 2022/06/05 4.2f (https://journals.aps.org/revtex/ for documentatio
n)
Class revtex4-2 Info: RevTeX society APS selected on input line 40.
)
Class revtex4-2 Info: Selecting journal prb on input line 7671.
Class revtex4-2 Info: APS journal PRB selected on input line 7672.


Class revtex4-2 Warning: No type size specified, using default 10.

(/usr/local/texlive/2023/texmf-dist/tex/latex/revtex/aps10pt4-2.rtx
File: aps10pt4-2 2022/06/05 4.2f (https://journals.aps.org/revtex/ for document
ation)
Class revtex4-2 Info: RevTeX pointsize 10pt selected on input line 39.
)
(/usr/local/texlive/2023/texmf-dist/tex/latex/textcase/textcase.sty
Package: textcase 2023/07/27 v1.04 Text only upper/lower case changing (DPC)
Package textcase Info: Defining Legacy names on input line 20.
)
(/usr/local/texlive/2023/texmf-dist/tex/latex/url/url.sty
\Urlmuskip=\muskip16
Package: url 2013/09/16  ver 3.4  Verb mode for urls, etc.
)
(/usr/local/texlive/2023/texmf-dist/tex/latex/natbib/natbib.sty
Package: natbib 2010/09/13 8.31b (PWD, AO)
\bibhang=\skip51
\bibsep=\skip52
LaTeX Info: Redefining \cite on input line 694.
\c@NAT@ctr=\count268
)
Class revtex4-2 Info: Repairing natbib's \BibitemShut on input line 7676.

(/usr/local/texlive/2023/texmf-dist/tex/latex/revtex/revsymb4-2.sty
Package: revsymb4-2 2022/06/05 4.2f (https://journals.aps.org/revtex/ for docum
entation)
LaTeX Info: Redefining \REV@mathfrak on input line 128.
))
(/usr/local/texlive/2023/texmf-dist/tex/latex/tools/dcolumn.sty
Package: dcolumn 2023/07/08 v1.06 decimal alignment package (DPC)

(/usr/local/texlive/2023/texmf-dist/tex/latex/tools/array.sty
Package: array 2023/10/16 v2.5g Tabular extension package (FMi)
\col@sep=\dimen140
\ar@mcellbox=\box66
\extrarowheight=\dimen141
\NC@list=\toks19
\extratabsurround=\skip53
\backup@length=\skip54
\ar@cellbox=\box67
))
(/usr/local/texlive/2023/texmf-dist/tex/latex/physics/physics.sty
Package: physics 

(/usr/local/texlive/2023/texmf-dist/tex/latex/l3packages/xparse/xparse.sty
(/usr/local/texlive/2023/texmf-dist/tex/latex/l3kernel/expl3.sty
Package: expl3 2024-01-04 L3 programming layer (loader) 

(/usr/local/texlive/2023/texmf-dist/tex/latex/l3backend/l3backend-pdftex.def
File: l3backend-pdftex.def 2024-01-04 L3 backend support: PDF output (pdfTeX)
\l__color_backend_stack_int=\count269
\l__pdf_internal_box=\box68
))
Package: xparse 2023-10-10 L3 Experimental document command parser
) (/usr/local/texlive/2023/texmf-dist/tex/latex/amsmath/amsmath.sty
Package: amsmath 2023/05/13 v2.17o AMS math features
\@mathmargin=\skip55

For additional information on amsmath, use the `?' option.
(/usr/local/texlive/2023/texmf-dist/tex/latex/amsmath/amstext.sty
Package: amstext 2021/08/26 v2.01 AMS text

(/usr/local/texlive/2023/texmf-dist/tex/latex/amsmath/amsgen.sty
File: amsgen.sty 1999/11/30 v2.0 generic functions
\@emptytoks=\toks20
\ex@=\dimen142
)
LaTeX Info: Redefining \text on input line 28.
)
(/usr/local/texlive/2023/texmf-dist/tex/latex/amsmath/amsbsy.sty
Package: amsbsy 1999/11/29 v1.2d Bold Symbols
\pmbraise@=\dimen143
)
(/usr/local/texlive/2023/texmf-dist/tex/latex/amsmath/amsopn.sty
Package: amsopn 2022/04/08 v2.04 operator names
)
\inf@bad=\count270
LaTeX Info: Redefining \frac on input line 234.
\uproot@=\count271
\leftroot@=\count272
LaTeX Info: Redefining \overline on input line 399.
LaTeX Info: Redefining \colon on input line 410.
\classnum@=\count273
\DOTSCASE@=\count274
LaTeX Info: Redefining \ldots on input line 496.
LaTeX Info: Redefining \dots on input line 499.
LaTeX Info: Redefining \cdots on input line 620.
\Mathstrutbox@=\box69
\strutbox@=\box70
LaTeX Info: Redefining \big on input line 722.
LaTeX Info: Redefining \Big on input line 723.
LaTeX Info: Redefining \bigg on input line 724.
LaTeX Info: Redefining \Bigg on input line 725.
\big@size=\dimen144
LaTeX Font Info:    Redeclaring font encoding OML on input line 743.
LaTeX Font Info:    Redeclaring font encoding OMS on input line 744.
\macc@depth=\count275
LaTeX Info: Redefining \bmod on input line 905.
LaTeX Info: Redefining \pmod on input line 910.
LaTeX Info: Redefining \smash on input line 940.
LaTeX Info: Redefining \relbar on input line 970.
LaTeX Info: Redefining \Relbar on input line 971.
\c@MaxMatrixCols=\count276
\dotsspace@=\muskip17
\c@parentequation=\count277
\dspbrk@lvl=\count278
\tag@help=\toks21
\row@=\count279
\column@=\count280
\maxfields@=\count281
\andhelp@=\toks22
\eqnshift@=\dimen145
\alignsep@=\dimen146
\tagshift@=\dimen147
\tagwidth@=\dimen148
\totwidth@=\dimen149
\lineht@=\dimen150
\@envbody=\toks23
\multlinegap=\skip56
\multlinetaggap=\skip57
\mathdisplay@stack=\toks24
LaTeX Info: Redefining \[ on input line 2953.
LaTeX Info: Redefining \] on input line 2954.
))
(/usr/local/texlive/2023/texmf-dist/tex/latex/tools/bm.sty
Package: bm 2023/07/08 v1.2f Bold Symbol Support (DPC/FMi)
\symboldoperators=\mathgroup4
\symboldletters=\mathgroup5
\symboldsymbols=\mathgroup6
Package bm Info: No bold for \OMX/cmex/m/n, using \pmb.
LaTeX Font Info:    Redeclaring math alphabet \mathbf on input line 149.
LaTeX Info: Redefining \bm on input line 219.
)
(/usr/local/texlive/2023/texmf-dist/tex/latex/amsfonts/amssymb.sty
Package: amssymb 2013/01/14 v3.01 AMS font symbols

(/usr/local/texlive/2023/texmf-dist/tex/latex/amsfonts/amsfonts.sty
Package: amsfonts 2013/01/14 v3.01 Basic AMSFonts support
\symAMSa=\mathgroup7
\symAMSb=\mathgroup8
LaTeX Font Info:    Redeclaring math symbol \hbar on input line 98.
LaTeX Font Info:    Overwriting math alphabet `\mathfrak' in version `bold'
(Font)                  U/euf/m/n --> U/euf/b/n on input line 106.
LaTeX Info: Redefining \frak on input line 111.
LaTeX Info: Redefining \Bbb on input line 113.
))
(/usr/local/texlive/2023/texmf-dist/tex/latex/mathtools/mathtools.sty
Package: mathtools 2022/06/29 v1.29 mathematical typesetting tools

(/usr/local/texlive/2023/texmf-dist/tex/latex/graphics/keyval.sty
Package: keyval 2022/05/29 v1.15 key=value parser (DPC)
\KV@toks@=\toks25
)
(/usr/local/texlive/2023/texmf-dist/tex/latex/tools/calc.sty
Package: calc 2023/07/08 v4.3 Infix arithmetic (KKT,FJ)
\calc@Acount=\count282
\calc@Bcount=\count283
\calc@Adimen=\dimen151
\calc@Bdimen=\dimen152
\calc@Askip=\skip58
\calc@Bskip=\skip59
LaTeX Info: Redefining \setlength on input line 80.
LaTeX Info: Redefining \addtolength on input line 81.
\calc@Ccount=\count284
\calc@Cskip=\skip60
)
(/usr/local/texlive/2023/texmf-dist/tex/latex/mathtools/mhsetup.sty
Package: mhsetup 2021/03/18 v1.4 programming setup (MH)
)
\g_MT_multlinerow_int=\count285
\l_MT_multwidth_dim=\dimen153
\origjot=\skip61
\l_MT_shortvdotswithinadjustabove_dim=\dimen154
\l_MT_shortvdotswithinadjustbelow_dim=\dimen155
\l_MT_above_intertext_sep=\dimen156
\l_MT_below_intertext_sep=\dimen157
\l_MT_above_shortintertext_sep=\dimen158
\l_MT_below_shortintertext_sep=\dimen159
\xmathstrut@box=\box71
\xmathstrut@dim=\dimen160
)
(/usr/local/texlive/2023/texmf-dist/tex/latex/xcolor/xcolor.sty
Package: xcolor 2023/11/15 v3.01 LaTeX color extensions (UK)

(/usr/local/texlive/2023/texmf-dist/tex/latex/graphics-cfg/color.cfg
File: color.cfg 2016/01/02 v1.6 sample color configuration
)
Package xcolor Info: Driver file: pdftex.def on input line 274.

(/usr/local/texlive/2023/texmf-dist/tex/latex/graphics-def/pdftex.def
File: pdftex.def 2022/09/22 v1.2b Graphics/color driver for pdftex
)
(/usr/local/texlive/2023/texmf-dist/tex/latex/graphics/mathcolor.ltx)
Package xcolor Info: Model `cmy' substituted by `cmy0' on input line 1350.
Package xcolor Info: Model `hsb' substituted by `rgb' on input line 1354.
Package xcolor Info: Model `RGB' extended on input line 1366.
Package xcolor Info: Model `HTML' substituted by `rgb' on input line 1368.
Package xcolor Info: Model `Hsb' substituted by `hsb' on input line 1369.
Package xcolor Info: Model `tHsb' substituted by `hsb' on input line 1370.
Package xcolor Info: Model `HSB' substituted by `hsb' on input line 1371.
Package xcolor Info: Model `Gray' substituted by `gray' on input line 1372.
Package xcolor Info: Model `wave' substituted by `hsb' on input line 1373.
)
(/usr/local/texlive/2023/texmf-dist/tex/latex/bxcjkjatype/bxcjkjatype.sty
Package: bxcjkjatype 2023/07/23 v0.5
Package bxcjkjatype Info: Driver auto-detected: pdftex on input line 160.

(/usr/local/texlive/2023/texmf-dist/tex/latex/cjk/texinput/CJK.sty
Package: CJK 2021/10/16 4.8.5

(/usr/local/texlive/2023/texmf-dist/tex/latex/cjk/texinput/mule/MULEenc.sty
Package: MULEenc 2021/10/16 4.8.5
)
(/usr/local/texlive/2023/texmf-dist/tex/latex/cjk/texinput/CJK.enc
File: CJK.enc 2021/10/16 4.8.5
Now handling font encoding C00 ...
... no UTF-8 mapping file for font encoding C00
Now handling font encoding C05 ...
... no UTF-8 mapping file for font encoding C05
Now handling font encoding C09 ...
... no UTF-8 mapping file for font encoding C09
Now handling font encoding C10 ...
... no UTF-8 mapping file for font encoding C10
Now handling font encoding C20 ...
... no UTF-8 mapping file for font encoding C20
Now handling font encoding C19 ...
... no UTF-8 mapping file for font encoding C19
Now handling font encoding C40 ...
... no UTF-8 mapping file for font encoding C40
Now handling font encoding C42 ...
... no UTF-8 mapping file for font encoding C42
Now handling font encoding C43 ...
... no UTF-8 mapping file for font encoding C43
Now handling font encoding C50 ...
... no UTF-8 mapping file for font encoding C50
Now handling font encoding C52 ...
... no UTF-8 mapping file for font encoding C52
Now handling font encoding C49 ...
... no UTF-8 mapping file for font encoding C49
Now handling font encoding C60 ...
... no UTF-8 mapping file for font encoding C60
Now handling font encoding C61 ...
... no UTF-8 mapping file for font encoding C61
Now handling font encoding C63 ...
... no UTF-8 mapping file for font encoding C63
Now handling font encoding C64 ...
... no UTF-8 mapping file for font encoding C64
Now handling font encoding C65 ...
... no UTF-8 mapping file for font encoding C65
Now handling font encoding C70 ...
... no UTF-8 mapping file for font encoding C70
Now handling font encoding C31 ...
... no UTF-8 mapping file for font encoding C31
Now handling font encoding C32 ...
... no UTF-8 mapping file for font encoding C32
Now handling font encoding C33 ...
... no UTF-8 mapping file for font encoding C33
Now handling font encoding C34 ...
... no UTF-8 mapping file for font encoding C34
Now handling font encoding C35 ...
... no UTF-8 mapping file for font encoding C35
Now handling font encoding C36 ...
... no UTF-8 mapping file for font encoding C36
Now handling font encoding C37 ...
... no UTF-8 mapping file for font encoding C37
Now handling font encoding C80 ...
... no UTF-8 mapping file for font encoding C80
Now handling font encoding C81 ...
... no UTF-8 mapping file for font encoding C81
Now handling font encoding C01 ...
... no UTF-8 mapping file for font encoding C01
Now handling font encoding C11 ...
... no UTF-8 mapping file for font encoding C11
Now handling font encoding C21 ...
... no UTF-8 mapping file for font encoding C21
Now handling font encoding C41 ...
... no UTF-8 mapping file for font encoding C41
Now handling font encoding C62 ...
... no UTF-8 mapping file for font encoding C62
)
\CJK@indent=\box72
)
(/usr/local/texlive/2023/texmf-dist/tex/latex/cjk/texinput/CJKutf8.sty
Package: CJKutf8 2021/10/16 4.8.5

(/usr/local/texlive/2023/texmf-dist/tex/generic/iftex/ifpdf.sty
Package: ifpdf 2019/10/25 v3.4 ifpdf legacy package. Use iftex instead.

(/usr/local/texlive/2023/texmf-dist/tex/generic/iftex/iftex.sty
Package: iftex 2022/02/03 v1.0f TeX engine tests
))
(/usr/local/texlive/2023/texmf-dist/tex/latex/base/inputenc.sty
Package: inputenc 2021/02/14 v1.3d Input encoding file
\inpenc@prehook=\toks26
\inpenc@posthook=\toks27
)
(/usr/local/texlive/2023/texmf-dist/tex/latex/base/fontenc.sty
Package: fontenc 2021/04/29 v2.0v Standard LaTeX package
))
(/usr/local/texlive/2023/texmf-dist/tex/latex/cjk/texinput/CJKspace.sty
Package: CJKspace 2021/10/16 3.8.0
)
(/usr/local/texlive/2023/texmf-dist/tex/latex/cjkpunct/CJKpunct.sty
Package: CJKpunct 2016/05/14 4.8.4
\CJKpunct@cnta=\count286
\CJKpunct@cntb=\count287
\CJKpunct@cntc=\count288
\CJKpunct@cntd=\count289
\CJKpunct@cnte=\count290
   defining Unicode char U+2018 (decimal 8216)
   defining Unicode char U+2019 (decimal 8217)
   defining Unicode char U+201C (decimal 8220)
   defining Unicode char U+201D (decimal 8221)
   defining Unicode char U+2014 (decimal 8212)
   defining Unicode char U+2026 (decimal 8230)

(/usr/local/texlive/2023/texmf-dist/tex/latex/cjkpunct/CJKpunct.spa))
(/usr/local/texlive/2023/texmf-dist/tex/latex/etoolbox/etoolbox.sty
Package: etoolbox 2020/10/05 v2.5k e-TeX tools for LaTeX (JAW)
\etb@tempcnta=\count291
)
(/usr/local/texlive/2023/texmf-dist/tex/latex/cjk/texinput/UTF8/UTF8.bdg
File: UTF8.bdg 2021/10/16 4.8.5
))
(/usr/local/texlive/2023/texmf-dist/tex/latex/hyperref/hyperref.sty
Package: hyperref 2023-11-26 v7.01g Hypertext links for LaTeX

(/usr/local/texlive/2023/texmf-dist/tex/generic/infwarerr/infwarerr.sty
Package: infwarerr 2019/12/03 v1.5 Providing info/warning/error messages (HO)
)
(/usr/local/texlive/2023/texmf-dist/tex/latex/kvsetkeys/kvsetkeys.sty
Package: kvsetkeys 2022-10-05 v1.19 Key value parser (HO)
)
(/usr/local/texlive/2023/texmf-dist/tex/generic/kvdefinekeys/kvdefinekeys.sty
Package: kvdefinekeys 2019-12-19 v1.6 Define keys (HO)
)
(/usr/local/texlive/2023/texmf-dist/tex/generic/pdfescape/pdfescape.sty
Package: pdfescape 2019/12/09 v1.15 Implements pdfTeX's escape features (HO)

(/usr/local/texlive/2023/texmf-dist/tex/generic/ltxcmds/ltxcmds.sty
Package: ltxcmds 2023-12-04 v1.26 LaTeX kernel commands for general use (HO)
)
(/usr/local/texlive/2023/texmf-dist/tex/generic/pdftexcmds/pdftexcmds.sty
Package: pdftexcmds 2020-06-27 v0.33 Utility functions of pdfTeX for LuaTeX (HO
)
Package pdftexcmds Info: \pdf@primitive is available.
Package pdftexcmds Info: \pdf@ifprimitive is available.
Package pdftexcmds Info: \pdfdraftmode found.
))
(/usr/local/texlive/2023/texmf-dist/tex/latex/hycolor/hycolor.sty
Package: hycolor 2020-01-27 v1.10 Color options for hyperref/bookmark (HO)
)
(/usr/local/texlive/2023/texmf-dist/tex/latex/letltxmacro/letltxmacro.sty
Package: letltxmacro 2019/12/03 v1.6 Let assignment for LaTeX macros (HO)
)
(/usr/local/texlive/2023/texmf-dist/tex/latex/auxhook/auxhook.sty
Package: auxhook 2019-12-17 v1.6 Hooks for auxiliary files (HO)
)
(/usr/local/texlive/2023/texmf-dist/tex/latex/hyperref/nameref.sty
Package: nameref 2023-11-26 v2.56 Cross-referencing by name of section

(/usr/local/texlive/2023/texmf-dist/tex/latex/refcount/refcount.sty
Package: refcount 2019/12/15 v3.6 Data extraction from label references (HO)
)
(/usr/local/texlive/2023/texmf-dist/tex/generic/gettitlestring/gettitlestring.s
ty
Package: gettitlestring 2019/12/15 v1.6 Cleanup title references (HO)
 (/usr/local/texlive/2023/texmf-dist/tex/latex/kvoptions/kvoptions.sty
Package: kvoptions 2022-06-15 v3.15 Key value format for package options (HO)
))

Package nameref Warning: The definition of \label has changed! 
(nameref)                Check your packages! 
(nameref)                Replacing it with the kernel definition on input line 
149.

\c@section@level=\count292
)
\@linkdim=\dimen161
\Hy@linkcounter=\count293
\Hy@pagecounter=\count294
 (/usr/local/texlive/2023/texmf-dist/tex/latex/hyperref/pd1enc.def
File: pd1enc.def 2023-11-26 v7.01g Hyperref: PDFDocEncoding definition (HO)
Now handling font encoding PD1 ...
... no UTF-8 mapping file for font encoding PD1
)
(/usr/local/texlive/2023/texmf-dist/tex/generic/intcalc/intcalc.sty
Package: intcalc 2019/12/15 v1.3 Expandable calculations with integers (HO)
)
\Hy@SavedSpaceFactor=\count295

(/usr/local/texlive/2023/texmf-dist/tex/latex/hyperref/puenc.def
File: puenc.def 2023-11-26 v7.01g Hyperref: PDF Unicode definition (HO)
Now handling font encoding PU ...
... no UTF-8 mapping file for font encoding PU
)
Package hyperref Info: Hyper figures OFF on input line 4181.
Package hyperref Info: Link nesting OFF on input line 4186.
Package hyperref Info: Hyper index ON on input line 4189.
Package hyperref Info: Plain pages OFF on input line 4196.
Package hyperref Info: Backreferencing OFF on input line 4201.
Package hyperref Info: Implicit mode ON; LaTeX internals redefined.
Package hyperref Info: Bookmarks ON on input line 4448.
LaTeX Info: Redefining \href on input line 4697.
\c@Hy@tempcnt=\count296
LaTeX Info: Redefining \url on input line 4786.
\XeTeXLinkMargin=\dimen162

(/usr/local/texlive/2023/texmf-dist/tex/generic/bitset/bitset.sty
Package: bitset 2019/12/09 v1.3 Handle bit-vector datatype (HO)

(/usr/local/texlive/2023/texmf-dist/tex/generic/bigintcalc/bigintcalc.sty
Package: bigintcalc 2019/12/15 v1.5 Expandable calculations on big integers (HO
)
))
\Fld@menulength=\count297
\Field@Width=\dimen163
\Fld@charsize=\dimen164
Package hyperref Info: Hyper figures OFF on input line 6065.
Package hyperref Info: Link nesting OFF on input line 6070.
Package hyperref Info: Hyper index ON on input line 6073.
Package hyperref Info: backreferencing OFF on input line 6080.
Package hyperref Info: Link coloring OFF on input line 6085.
Package hyperref Info: Link coloring with OCG OFF on input line 6090.
Package hyperref Info: PDF/A mode OFF on input line 6095.

(/usr/local/texlive/2023/texmf-dist/tex/latex/base/atbegshi-ltx.sty
Package: atbegshi-ltx 2021/01/10 v1.0c Emulation of the original atbegshi
package with kernel methods
)
\Hy@abspage=\count298
\c@Item=\count299
\c@Hfootnote=\count300
)
Package hyperref Info: Driver (autodetected): hpdftex.

(/usr/local/texlive/2023/texmf-dist/tex/latex/hyperref/hpdftex.def
File: hpdftex.def 2023-11-26 v7.01g Hyperref driver for pdfTeX

(/usr/local/texlive/2023/texmf-dist/tex/latex/base/atveryend-ltx.sty
Package: atveryend-ltx 2020/08/19 v1.0a Emulation of the original atveryend pac
kage
with kernel methods
)
\Fld@listcount=\count301
\c@bookmark@seq@number=\count302

(/usr/local/texlive/2023/texmf-dist/tex/latex/rerunfilecheck/rerunfilecheck.sty
Package: rerunfilecheck 2022-07-10 v1.10 Rerun checks for auxiliary files (HO)

(/usr/local/texlive/2023/texmf-dist/tex/generic/uniquecounter/uniquecounter.sty
Package: uniquecounter 2019/12/15 v1.4 Provide unlimited unique counter (HO)
)
Package uniquecounter Info: New unique counter `rerunfilecheck' on input line 2
85.
)
\Hy@SectionHShift=\skip62
)
Package hyperref Info: Option `colorlinks' set `true' on input line 16.
Package hyperref Info: Option `breaklinks' set `true' on input line 16.
Class revtex4-2 Info: Unrecognized array package. Please update this document c
lass! (Proceeding with fingers crossed.) on input line 23.
Class revtex4-2 Info: cite was not loaded (OK!) on input line 23.
Class revtex4-2 Info: mcite was not loaded (OK!) on input line 23.
Class revtex4-2 Info: multicol was not loaded (OK!) on input line 23.
 (./Kitaev_kxy.aux)
\openout1 = `Kitaev_kxy.aux'.

LaTeX Font Info:    Checking defaults for OML/cmm/m/it on input line 23.
LaTeX Font Info:    ... okay on input line 23.
LaTeX Font Info:    Checking defaults for OMS/cmsy/m/n on input line 23.
LaTeX Font Info:    ... okay on input line 23.
LaTeX Font Info:    Checking defaults for OT1/cmr/m/n on input line 23.
LaTeX Font Info:    ... okay on input line 23.
LaTeX Font Info:    Checking defaults for T1/cmr/m/n on input line 23.
LaTeX Font Info:    ... okay on input line 23.
LaTeX Font Info:    Checking defaults for TS1/cmr/m/n on input line 23.
LaTeX Font Info:    ... okay on input line 23.
LaTeX Font Info:    Checking defaults for OMX/cmex/m/n on input line 23.
LaTeX Font Info:    ... okay on input line 23.
LaTeX Font Info:    Checking defaults for U/cmr/m/n on input line 23.
LaTeX Font Info:    ... okay on input line 23.
LaTeX Font Info:    Checking defaults for C00/song/m/n on input line 23.
LaTeX Font Info:    ... okay on input line 23.
LaTeX Font Info:    Checking defaults for C05/song/m/n on input line 23.
LaTeX Font Info:    ... okay on input line 23.
LaTeX Font Info:    Checking defaults for C09/song/m/n on input line 23.
LaTeX Font Info:    ... okay on input line 23.
LaTeX Font Info:    Checking defaults for C10/song/m/n on input line 23.
LaTeX Font Info:    ... okay on input line 23.
LaTeX Font Info:    Checking defaults for C20/song/m/n on input line 23.
LaTeX Font Info:    ... okay on input line 23.
LaTeX Font Info:    Checking defaults for C19/song/m/n on input line 23.
LaTeX Font Info:    ... okay on input line 23.
LaTeX Font Info:    Checking defaults for C40/song/m/n on input line 23.
LaTeX Font Info:    ... okay on input line 23.
LaTeX Font Info:    Checking defaults for C42/song/m/n on input line 23.
LaTeX Font Info:    ... okay on input line 23.
LaTeX Font Info:    Checking defaults for C43/song/m/n on input line 23.
LaTeX Font Info:    ... okay on input line 23.
LaTeX Font Info:    Checking defaults for C50/song/m/n on input line 23.
LaTeX Font Info:    ... okay on input line 23.
LaTeX Font Info:    Checking defaults for C52/song/m/n on input line 23.
LaTeX Font Info:    ... okay on input line 23.
LaTeX Font Info:    Checking defaults for C49/song/m/n on input line 23.
LaTeX Font Info:    ... okay on input line 23.
LaTeX Font Info:    Checking defaults for C60/mj/m/n on input line 23.
LaTeX Font Info:    ... okay on input line 23.
LaTeX Font Info:    Checking defaults for C61/mj/m/n on input line 23.
LaTeX Font Info:    ... okay on input line 23.
LaTeX Font Info:    Checking defaults for C63/mj/m/n on input line 23.
LaTeX Font Info:    ... okay on input line 23.
LaTeX Font Info:    Checking defaults for C64/mj/m/n on input line 23.
LaTeX Font Info:    ... okay on input line 23.
LaTeX Font Info:    Checking defaults for C65/mj/m/n on input line 23.
LaTeX Font Info:    ... okay on input line 23.
LaTeX Font Info:    Checking defaults for C70/song/m/n on input line 23.
LaTeX Font Info:    ... okay on input line 23.
LaTeX Font Info:    Checking defaults for C31/song/m/n on input line 23.
LaTeX Font Info:    ... okay on input line 23.
LaTeX Font Info:    Checking defaults for C32/song/m/n on input line 23.
LaTeX Font Info:    ... okay on input line 23.
LaTeX Font Info:    Checking defaults for C33/song/m/n on input line 23.
LaTeX Font Info:    ... okay on input line 23.
LaTeX Font Info:    Checking defaults for C34/song/m/n on input line 23.
LaTeX Font Info:    ... okay on input line 23.
LaTeX Font Info:    Checking defaults for C35/song/m/n on input line 23.
LaTeX Font Info:    ... okay on input line 23.
LaTeX Font Info:    Checking defaults for C36/song/m/n on input line 23.
LaTeX Font Info:    ... okay on input line 23.
LaTeX Font Info:    Checking defaults for C37/song/m/n on input line 23.
LaTeX Font Info:    ... okay on input line 23.
LaTeX Font Info:    Checking defaults for C80/song/m/n on input line 23.
LaTeX Font Info:    ... okay on input line 23.
LaTeX Font Info:    Checking defaults for C81/song/m/n on input line 23.
LaTeX Font Info:    ... okay on input line 23.
LaTeX Font Info:    Checking defaults for C01/song/m/n on input line 23.
LaTeX Font Info:    ... okay on input line 23.
LaTeX Font Info:    Checking defaults for C11/song/m/n on input line 23.
LaTeX Font Info:    ... okay on input line 23.
LaTeX Font Info:    Checking defaults for C21/song/m/n on input line 23.
LaTeX Font Info:    ... okay on input line 23.
LaTeX Font Info:    Checking defaults for C41/song/m/n on input line 23.
LaTeX Font Info:    ... okay on input line 23.
LaTeX Font Info:    Checking defaults for C62/song/m/n on input line 23.
LaTeX Font Info:    ... okay on input line 23.
LaTeX Font Info:    Checking defaults for PD1/pdf/m/n on input line 23.
LaTeX Font Info:    ... okay on input line 23.
LaTeX Font Info:    Checking defaults for PU/pdf/m/n on input line 23.
LaTeX Font Info:    ... okay on input line 23.

(/usr/local/texlive/2023/texmf-dist/tex/latex/graphics/graphicx.sty
Package: graphicx 2021/09/16 v1.2d Enhanced LaTeX Graphics (DPC,SPQR)

(/usr/local/texlive/2023/texmf-dist/tex/latex/graphics/graphics.sty
Package: graphics 2022/03/10 v1.4e Standard LaTeX Graphics (DPC,SPQR)

(/usr/local/texlive/2023/texmf-dist/tex/latex/graphics/trig.sty
Package: trig 2021/08/11 v1.11 sin cos tan (DPC)
)
(/usr/local/texlive/2023/texmf-dist/tex/latex/graphics-cfg/graphics.cfg
File: graphics.cfg 2016/06/04 v1.11 sample graphics configuration
)
Package graphics Info: Driver file: pdftex.def on input line 107.
)
\Gin@req@height=\dimen165
\Gin@req@width=\dimen166
)
(/usr/local/texlive/2023/texmf-dist/tex/context/base/mkii/supp-pdf.mkii
[Loading MPS to PDF converter (version 2006.09.02).]
\scratchcounter=\count303
\scratchdimen=\dimen167
\scratchbox=\box73
\nofMPsegments=\count304
\nofMParguments=\count305
\everyMPshowfont=\toks28
\MPscratchCnt=\count306
\MPscratchDim=\dimen168
\MPnumerator=\count307
\makeMPintoPDFobject=\count308
\everyMPtoPDFconversion=\toks29
) (/usr/local/texlive/2023/texmf-dist/tex/latex/epstopdf-pkg/epstopdf-base.sty
Package: epstopdf-base 2020-01-24 v2.11 Base part for package epstopdf
Package epstopdf-base Info: Redefining graphics rule for `.eps' on input line 4
85.

(/usr/local/texlive/2023/texmf-dist/tex/latex/latexconfig/epstopdf-sys.cfg
File: epstopdf-sys.cfg 2010/07/13 v1.3 Configuration of (r)epstopdf for TeX Liv
e
))
(/usr/local/texlive/2023/texmf-dist/tex/latex/cjk/texinput/UTF8/UTF8.enc
File: UTF8.enc 2021/10/16 4.8.5
)
(/usr/local/texlive/2023/texmf-dist/tex/latex/cjk/texinput/UTF8/UTF8.chr
File: UTF8.chr 2021/10/16 4.8.5
)
Package hyperref Info: Link coloring ON on input line 23.

(./Kitaev_kxy.out) (./Kitaev_kxy.out)
\@outlinefile=\write4
\openout4 = `Kitaev_kxy.out'.

Class revtex4-2 Info: Taking \maketitle back from hyperref on input line 23.
\openout3 = `Kitaev_kxyNotes.bib'.

LaTeX Font Info:    Trying to load font information for U+msa on input line 52.


(/usr/local/texlive/2023/texmf-dist/tex/latex/amsfonts/umsa.fd
File: umsa.fd 2013/01/14 v3.01 AMS symbols A
)
LaTeX Font Info:    Trying to load font information for U+msb on input line 52.


(/usr/local/texlive/2023/texmf-dist/tex/latex/amsfonts/umsb.fd
File: umsb.fd 2013/01/14 v3.01 AMS symbols B
) [1{/usr/local/texlive/2023/texmf-var/fonts/map/pdftex/updmap/pdftex.map}] [2]
<Figs/lattice.pdf, id=188, 312.16624pt x 280.04625pt>
File: Figs/lattice.pdf Graphic file (type pdf)
<use Figs/lattice.pdf>
Package pdftex.def Info: Figs/lattice.pdf  used on input line 306.
(pdftex.def)             Requested size: 246.0pt x 220.6914pt.
 [3 <./Figs/lattice.pdf>] [4]
<Figs/XTRG_MPO.pdf, id=288, 452.69125pt x 209.78375pt>
File: Figs/XTRG_MPO.pdf Graphic file (type pdf)
<use Figs/XTRG_MPO.pdf>
Package pdftex.def Info: Figs/XTRG_MPO.pdf  used on input line 471.
(pdftex.def)             Requested size: 246.0pt x 113.99855pt.
 [5 <./Figs/XTRG_MPO.pdf>]
LaTeX Font Info:    Font shape `C70/mc/m/n' will be
(Font)              scaled to size 10.0pt on input line 603.
Package CJKpunct Info: punctuation spaces for family 'mc' do not exist. Use fam
ily 'def' instead. on input line 603.
<Figs/plot_CMWkT.pdf, id=347, 371.10243pt x 854.04268pt>
File: Figs/plot_CMWkT.pdf Graphic file (type pdf)
<use Figs/plot_CMWkT.pdf>
Package pdftex.def Info: Figs/plot_CMWkT.pdf  used on input line 616.
(pdftex.def)             Requested size: 221.3985pt x 509.5235pt.


pdfTeX warning: pdflatex (file ./Figs/J_line_all.pdf): PDF inclusion: found PDF
 version <1.6>, but at most version <1.5> allowed
<Figs/J_line_all.pdf, id=348, 623.44319pt x 263.93304pt>
File: Figs/J_line_all.pdf Graphic file (type pdf)
<use Figs/J_line_all.pdf>
Package pdftex.def Info: Figs/J_line_all.pdf  used on input line 628.
(pdftex.def)             Requested size: 458.99689pt x 194.31264pt.
[6{/usr/local/texlive/2023/texmf-dist/fonts/enc/dvips/ipaex-type1/ipxt1-uff.enc
}{/usr/local/texlive/2023/texmf-dist/fonts/enc/dvips/ipaex-type1/ipxt1-u4e.enc}
{/usr/local/texlive/2023/texmf-dist/fonts/enc/dvips/ipaex-type1/ipxt1-u6f.enc}{
/usr/local/texlive/2023/texmf-dist/fonts/enc/dvips/ipaex-type1/ipxt1-u30.enc}{/
usr/local/texlive/2023/texmf-dist/fonts/enc/dvips/ipaex-type1/ipxt1-u5f.enc}{/u
sr/local/texlive/2023/texmf-dist/fonts/enc/dvips/ipaex-type1/ipxt1-u53.enc}{/us
r/local/texlive/2023/texmf-dist/fonts/enc/dvips/ipaex-type1/ipxt1-u65.enc}{/usr
/local/texlive/2023/texmf-dist/fonts/enc/dvips/ipaex-type1/ipxt1-u6b.enc}{/usr/
local/texlive/2023/texmf-dist/fonts/enc/dvips/ipaex-type1/ipxt1-u52.enc}{/usr/l
ocal/texlive/2023/texmf-dist/fonts/enc/dvips/ipaex-type1/ipxt1-u5c.enc}{/usr/lo
cal/texlive/2023/texmf-dist/fonts/enc/dvips/ipaex-type1/ipxt1-u76.enc}{/usr/loc
al/texlive/2023/texmf-dist/fonts/enc/dvips/ipaex-type1/ipxt1-u61.enc}{/usr/loca
l/texlive/2023/texmf-dist/fonts/enc/dvips/ipaex-type1/ipxt1-u6c.enc} <./Figs/pl
ot_CMWkT.pdf>] [7{/usr/local/texlive/2023/texmf-dist/fonts/enc/dvips/ipaex-type
1/ipxt1-u8a.enc}{/usr/local/texlive/2023/texmf-dist/fonts/enc/dvips/ipaex-type1
/ipxt1-u5b.enc} <./Figs/J_line_all.pdf>]

pdfTeX warning: pdflatex (file ./Figs/plot_all_ab.pdf): PDF inclusion: found PD
F version <1.6>, but at most version <1.5> allowed
<Figs/plot_all_ab.pdf, id=452, 390.50693pt x 848.22095pt>
File: Figs/plot_all_ab.pdf Graphic file (type pdf)
<use Figs/plot_all_ab.pdf>
Package pdftex.def Info: Figs/plot_all_ab.pdf  used on input line 782.
(pdftex.def)             Requested size: 221.3985pt x 480.9024pt.
LaTeX Font Info:    Font shape `C70/mc/m/n' will be
(Font)              scaled to size 9.0pt on input line 784.

Package hyperref Warning: Token not allowed in a PDF string (Unicode):
(hyperref)                removing `math shift' on input line 879.


Package hyperref Warning: Token not allowed in a PDF string (Unicode):
(hyperref)                removing `\Gamma' on input line 879.


Package hyperref Warning: Token not allowed in a PDF string (Unicode):
(hyperref)                removing `math shift' on input line 879.

[8{/usr/local/texlive/2023/texmf-dist/fonts/enc/dvips/ipaex-type1/ipxt1-u51.enc
}{/usr/local/texlive/2023/texmf-dist/fonts/enc/dvips/ipaex-type1/ipxt1-u4f.enc}
{/usr/local/texlive/2023/texmf-dist/fonts/enc/dvips/ipaex-type1/ipxt1-u66.enc}{
/usr/local/texlive/2023/texmf-dist/fonts/enc/dvips/ipaex-type1/ipxt1-u54.enc}{/
usr/local/texlive/2023/texmf-dist/fonts/enc/dvips/ipaex-type1/ipxt1-u90.enc}{/u
sr/local/texlive/2023/texmf-dist/fonts/enc/dvips/ipaex-type1/ipxt1-u63.enc}{/us
r/local/texlive/2023/texmf-dist/fonts/enc/dvips/ipaex-type1/ipxt1-u6e.enc}{/usr
/local/texlive/2023/texmf-dist/fonts/enc/dvips/ipaex-type1/ipxt1-u59.enc}{/usr/
local/texlive/2023/texmf-dist/fonts/enc/dvips/ipaex-type1/ipxt1-u7a.enc}{/usr/l
ocal/texlive/2023/texmf-dist/fonts/enc/dvips/ipaex-type1/ipxt1-u81.enc}{/usr/lo
cal/texlive/2023/texmf-dist/fonts/enc/dvips/ipaex-type1/ipxt1-u96.enc}]

LaTeX Warning: A float is stuck (cannot be placed); try class option [floatfix]
 on input line 903.



pdfTeX warning: pdflatex (file ./Figs/plot_all_h0.04_Gp.pdf): PDF inclusion: fo
und PDF version <1.6>, but at most version <1.5> allowed
<Figs/plot_all_h0.04_Gp.pdf, id=492, 389.49614pt x 850.22943pt>
File: Figs/plot_all_h0.04_Gp.pdf Graphic file (type pdf)
<use Figs/plot_all_h0.04_Gp.pdf>
Package pdftex.def Info: Figs/plot_all_h0.04_Gp.pdf  used on input line 906.
(pdftex.def)             Requested size: 221.3985pt x 483.29955pt.


pdfTeX warning: pdflatex (file ./Figs/plot_all_h0.08_Gp.pdf): PDF inclusion: fo
und PDF version <1.6>, but at most version <1.5> allowed
<Figs/plot_all_h0.08_Gp.pdf, id=496, 391.50867pt x 848.22192pt>
File: Figs/plot_all_h0.08_Gp.pdf Graphic file (type pdf)
<use Figs/plot_all_h0.08_Gp.pdf>
Package pdftex.def Info: Figs/plot_all_h0.08_Gp.pdf  used on input line 922.
(pdftex.def)             Requested size: 221.3985pt x 479.67339pt.
LaTeX Font Info:    Font shape `C70/mc/bx/n'
(Font)              in size <10> not available.
(Font)              Font shape `C70/gt/m/n'
(Font)              tried instead on input line 948.
LaTeX Font Info:    Font shape `C70/gt/m/n' will be
(Font)              scaled to size 10.0pt on input line 948.

Package hyperref Warning: Token not allowed in a PDF string (Unicode):
(hyperref)                removing `math shift' on input line 956.


Package hyperref Warning: Token not allowed in a PDF string (Unicode):
(hyperref)                removing `\Gamma' on input line 956.


Package hyperref Warning: Token not allowed in a PDF string (Unicode):
(hyperref)                removing `math shift' on input line 956.



pdfTeX warning: pdflatex (file ./Figs/plot_all_h0.04_G.pdf): PDF inclusion: fou
nd PDF version <1.6>, but at most version <1.5> allowed
<Figs/plot_all_h0.04_G.pdf, id=505, 395.1272pt x 853.27983pt>
File: Figs/plot_all_h0.04_G.pdf Graphic file (type pdf)
<use Figs/plot_all_h0.04_G.pdf>
Package pdftex.def Info: Figs/plot_all_h0.04_G.pdf  used on input line 974.
(pdftex.def)             Requested size: 221.3985pt x 478.10687pt.


pdfTeX warning: pdflatex (file ./Figs/plot_all_h0.08_G.pdf): PDF inclusion: fou
nd PDF version <1.6>, but at most version <1.5> allowed
<Figs/plot_all_h0.08_G.pdf, id=508, 387.75064pt x 844.12563pt>
File: Figs/plot_all_h0.08_G.pdf Graphic file (type pdf)
<use Figs/plot_all_h0.08_G.pdf>
Package pdftex.def Info: Figs/plot_all_h0.08_G.pdf  used on input line 986.
(pdftex.def)             Requested size: 221.3985pt x 481.99382pt.
[9{/usr/local/texlive/2023/texmf-dist/fonts/enc/dvips/ipaex-type1/ipxt1-u89.enc
}{/usr/local/texlive/2023/texmf-dist/fonts/enc/dvips/ipaex-type1/ipxt1-u78.enc}
{/usr/local/texlive/2023/texmf-dist/fonts/enc/dvips/ipaex-type1/ipxt1-u8f.enc}]

LaTeX Warning: A float is stuck (cannot be placed); try class option [floatfix]
 on input line 1012.


Class revtex4-2 Warning: Deferred float stuck during \clearpage processing.

[10{/usr/local/texlive/2023/texmf-dist/fonts/enc/dvips/ipaex-type1/ipxt1-u8e.en
c}{/usr/local/texlive/2023/texmf-dist/fonts/enc/dvips/ipaex-type1/ipxt1-u71.enc
}{/usr/local/texlive/2023/texmf-dist/fonts/enc/dvips/ipaex-type1/ipxt1-u74.enc}
{/usr/local/texlive/2023/texmf-dist/fonts/enc/dvips/ipaex-type1/ipxt1-u75.enc}{
/usr/local/texlive/2023/texmf-dist/fonts/enc/dvips/ipaex-type1/ipxt1-u82.enc}{/
usr/local/texlive/2023/texmf-dist/fonts/enc/dvips/ipaex-type1/ipxt1-u9a.enc}{/u
sr/local/texlive/2023/texmf-dist/fonts/enc/dvips/ipaex-type1/ipxt1-u95.enc}{/us
r/local/texlive/2023/texmf-dist/fonts/enc/dvips/ipaex-type1/ipxt1-u7b.enc}{/usr
/local/texlive/2023/texmf-dist/fonts/enc/dvips/ipaex-type1/ipxt1-u7e.enc}{/usr/
local/texlive/2023/texmf-dist/fonts/enc/dvips/ipaex-type1/ipxt1-u5e.enc}{/usr/l
ocal/texlive/2023/texmf-dist/fonts/enc/dvips/ipaex-type1/ipxt1-u72.enc} <./Figs
/plot_all_ab.pdf> <./Figs/plot_all_h0.04_Gp.pdf>]

LaTeX Warning: A float is stuck (cannot be placed); try class option [floatfix]
 on input line 1012.


Class revtex4-2 Warning: Deferred float stuck during \clearpage processing.

[11 <./Figs/plot_all_h0.08_Gp.pdf> <./Figs/plot_all_h0.04_G.pdf>]

LaTeX Warning: A float is stuck (cannot be placed); try class option [floatfix]
 on input line 1012.


Class revtex4-2 Warning: Deferred float stuck during \clearpage processing.

[12 <./Figs/plot_all_h0.08_G.pdf>]
<Figs/fig_K-1.0_G0.00_Gp0.00_c.pdf, id=654, 439.31569pt x 716.53905pt>
File: Figs/fig_K-1.0_G0.00_Gp0.00_c.pdf Graphic file (type pdf)
<use Figs/fig_K-1.0_G0.00_Gp0.00_c.pdf>
Package pdftex.def Info: Figs/fig_K-1.0_G0.00_Gp0.00_c.pdf  used on input line 
1030.
(pdftex.def)             Requested size: 221.3985pt x 361.10042pt.
<Figs/fig_K-1.0_G0.00_Gp0.00_h0.04.pdf, id=661, 439.31569pt x 716.53905pt>
File: Figs/fig_K-1.0_G0.00_Gp0.00_h0.04.pdf Graphic file (type pdf)
<use Figs/fig_K-1.0_G0.00_Gp0.00_h0.04.pdf>
Package pdftex.def Info: Figs/fig_K-1.0_G0.00_Gp0.00_h0.04.pdf  used on input l
ine 1058.
(pdftex.def)             Requested size: 221.3985pt x 361.10042pt.
 [13 <./Figs/fig_K-1.0_G0.00_Gp0.00_c.pdf>]

LaTeX Warning: A float is stuck (cannot be placed); try class option [floatfix]
 on input line 1088.

<Figs/fig_K-1.0_G0.00_h0.04.pdf, id=842, 439.31569pt x 716.53905pt>
File: Figs/fig_K-1.0_G0.00_h0.04.pdf Graphic file (type pdf)
<use Figs/fig_K-1.0_G0.00_h0.04.pdf>
Package pdftex.def Info: Figs/fig_K-1.0_G0.00_h0.04.pdf  used on input line 110
3.
(pdftex.def)             Requested size: 221.3985pt x 361.10042pt.
[14 <./Figs/fig_K-1.0_G0.00_Gp0.00_h0.04.pdf> <./Figs/fig_K-1.0_G0.00_h0.04.pdf
>]
<Figs/fig_K-1.0_Gp0.00_h0.04.pdf, id=1036, 439.31569pt x 716.53905pt>
File: Figs/fig_K-1.0_Gp0.00_h0.04.pdf Graphic file (type pdf)
<use Figs/fig_K-1.0_Gp0.00_h0.04.pdf>
Package pdftex.def Info: Figs/fig_K-1.0_Gp0.00_h0.04.pdf  used on input line 11
93.
(pdftex.def)             Requested size: 221.3985pt x 361.10042pt.
 [15{/usr/local/texlive/2023/texmf-dist/fonts/enc/dvips/ipaex-type1/ipxt1-u84.e
nc}{/usr/local/texlive/2023/texmf-dist/fonts/enc/dvips/ipaex-type1/ipxt1-u56.en
c}{/usr/local/texlive/2023/texmf-dist/fonts/enc/dvips/ipaex-type1/ipxt1-u6a.enc
}{/usr/local/texlive/2023/texmf-dist/fonts/enc/dvips/ipaex-type1/ipxt1-u57.enc}
{/usr/local/texlive/2023/texmf-dist/fonts/enc/dvips/ipaex-type1/ipxt1-u7d.enc}{
/usr/local/texlive/2023/texmf-dist/fonts/enc/dvips/ipaex-type1/ipxt1-u67.enc}{/
usr/local/texlive/2023/texmf-dist/fonts/enc/dvips/ipaex-type1/ipxt1-u91.enc}{/u
sr/local/texlive/2023/texmf-dist/fonts/enc/dvips/ipaex-type1/ipxt1-u7c.enc} <./
Figs/fig_K-1.0_Gp0.00_h0.04.pdf>]
<Figs/color_map_all.pdf, id=1148, 1924.81107pt x 782.2324pt>
File: Figs/color_map_all.pdf Graphic file (type pdf)
<use Figs/color_map_all.pdf>
Package pdftex.def Info: Figs/color_map_all.pdf  used on input line 1266.
(pdftex.def)             Requested size: 510.0pt x 207.25479pt.
<Figs/fig_cmap_classical.pdf, id=1149, 849.94357pt x 387.61018pt>
File: Figs/fig_cmap_classical.pdf Graphic file (type pdf)
<use Figs/fig_cmap_classical.pdf>
Package pdftex.def Info: Figs/fig_cmap_classical.pdf  used on input line 1283.
(pdftex.def)             Requested size: 510.0pt x 232.57973pt.
 [16{/usr/local/texlive/2023/texmf-dist/fonts/enc/dvips/ipaex-type1/ipxt1-u03.e
nc}] [17 <./Figs/color_map_all.pdf> <./Figs/fig_cmap_classical.pdf>] [18{/usr/l
ocal/texlive/2023/texmf-dist/fonts/enc/dvips/ipaex-type1/ipxt1-u8b.enc}]
<Figs/plot_CMk.pdf, id=1242, 377.41pt x 530.98375pt>
File: Figs/plot_CMk.pdf Graphic file (type pdf)
<use Figs/plot_CMk.pdf>
Package pdftex.def Info: Figs/plot_CMk.pdf  used on input line 1381.
(pdftex.def)             Requested size: 221.3985pt x 311.4871pt.
<Figs/plot_CMk_XC4.pdf, id=1243, 375.4025pt x 531.9875pt>
File: Figs/plot_CMk_XC4.pdf Graphic file (type pdf)
<use Figs/plot_CMk_XC4.pdf>
Package pdftex.def Info: Figs/plot_CMk_XC4.pdf  used on input line 1389.
(pdftex.def)             Requested size: 221.3985pt x 313.74814pt.
 [19 <./Figs/plot_CMk.pdf>]

LaTeX Warning: A float is stuck (cannot be placed); try class option [floatfix]
 on input line 1400.


Class revtex4-2 Warning: Deferred float stuck during \clearpage processing.

[20 <./Figs/plot_CMk_XC4.pdf>]
<Figs/compED_4_o.pdf, id=1271, 638.385pt x 785.11917pt>
File: Figs/compED_4_o.pdf Graphic file (type pdf)
<use Figs/compED_4_o.pdf>
Package pdftex.def Info: Figs/compED_4_o.pdf  used on input line 1428.
(pdftex.def)             Requested size: 221.3985pt x 272.28003pt.
<Figs/compXTRG_3_o.pdf, id=1276, 633.58405pt x 790.55753pt>
File: Figs/compXTRG_3_o.pdf Graphic file (type pdf)
<use Figs/compXTRG_3_o.pdf>
Package pdftex.def Info: Figs/compXTRG_3_o.pdf  used on input line 1493.
(pdftex.def)             Requested size: 221.3985pt x 276.24089pt.
 (./Kitaev_kxy.bbl [21{/usr/local/texlive/2023/texmf-dist/fonts/enc/dvips/ipaex
-type1/ipxt1-u60.enc}{/usr/local/texlive/2023/texmf-dist/fonts/enc/dvips/ipaex-
type1/ipxt1-u58.enc} <./Figs/compED_4_o.pdf>]

LaTeX Warning: A float is stuck (cannot be placed); try class option [floatfix]
 on input line 108.


Underfull \hbox (badness 1735) in paragraph at lines 198--207
 \OT1/cmr/m/n/9 S. Trebst, and Y. Mat-suda, Half-integer quan-tized
 []


Underfull \hbox (badness 1460) in paragraph at lines 381--394
 \OT1/cmr/m/n/9 heisenberg para-m-agnons, [][]Phys. Rev. B \OT1/cmr/bx/n/9 99\O
T1/cmr/m/n/9 , 085136
 []


Underfull \hbox (badness 1762) in paragraph at lines 428--436
 \OT1/cmr/m/n/9 tion-al-iza-tion of quan-tum spins in a ki-taev model:
 []

[22 <./Figs/compXTRG_3_o.pdf>]
Underfull \hbox (badness 4779) in paragraph at lines 523--531
 []\OT1/cmr/m/n/9 Y. Ya-maji, T. Suzuki, T. Ya-mada, S.-i. Suga,
 []


Underfull \hbox (badness 4156) in paragraph at lines 750--759
 \OT1/cmr/m/n/9 heisenberg model, arXiv preprint arXiv:2208.13708
 []


Underfull \hbox (badness 10000) in paragraph at lines 833--841
 []\OT1/cmr/m/n/9 S. Lloyd, Pure state quan-tum sta-tis-ti-cal me-
 []


Underfull \hbox (badness 10000) in paragraph at lines 833--841
 \OT1/cmr/m/n/9 chan-ics and black holes, arXiv:1307.0378
 []

[23]
Underfull \hbox (badness 1436) in paragraph at lines 974--981
 \OT1/cmr/m/n/9 Order-by-disorder and spin-orbital liq-uids in a dis-
 []

) [24] (./Kitaev_kxy.aux)
 ***********
LaTeX2e <2023-11-01>
L3 programming layer <2024-01-04>
 ***********


LaTeX Warning: Label(s) may have changed. Rerun to get cross-references right.

Package rerunfilecheck Info: File `Kitaev_kxy.out' has not changed.
(rerunfilecheck)             Checksum: DF4BBDA6857B528251DE6EF3135D630B;4479.
 ) 
Here is how much of TeX's memory you used:
 16941 strings out of 474166
 254408 string characters out of 5745490
 1963525 words of memory out of 5000000
 38600 multiletter control sequences out of 15000+600000
 589757 words of font info for 156 fonts, out of 8000000 for 9000
 1141 hyphenation exceptions out of 8191
 79i,14n,93p,919b,919s stack positions out of 10000i,1000n,20000p,200000b,200000s
</usr/local/texlive/2023/texmf-dist/fonts/type1/public/amsfonts/cm/cmbx10.pfb
></usr/local/texlive/2023/texmf-dist/fonts/type1/public/amsfonts/cm/cmbx12.pfb>
</usr/local/texlive/2023/texmf-dist/fonts/type1/public/amsfonts/cm/cmbx9.pfb></
usr/local/texlive/2023/texmf-dist/fonts/type1/public/amsfonts/cm/cmex10.pfb></u
sr/local/texlive/2023/texmf-dist/fonts/type1/public/amsfonts/cm/cmmi10.pfb></us
r/local/texlive/2023/texmf-dist/fonts/type1/public/amsfonts/cm/cmmi5.pfb></usr/
local/texlive/2023/texmf-dist/fonts/type1/public/amsfonts/cm/cmmi6.pfb></usr/lo
cal/texlive/2023/texmf-dist/fonts/type1/public/amsfonts/cm/cmmi7.pfb></usr/loca
l/texlive/2023/texmf-dist/fonts/type1/public/amsfonts/cm/cmmi9.pfb></usr/local/
texlive/2023/texmf-dist/fonts/type1/public/amsfonts/cm/cmmib10.pfb></usr/local/
texlive/2023/texmf-dist/fonts/type1/public/amsfonts/cm/cmr10.pfb></usr/local/te
xlive/2023/texmf-dist/fonts/type1/public/amsfonts/cm/cmr5.pfb></usr/local/texli
ve/2023/texmf-dist/fonts/type1/public/amsfonts/cm/cmr6.pfb></usr/local/texlive/
2023/texmf-dist/fonts/type1/public/amsfonts/cm/cmr7.pfb></usr/local/texlive/202
3/texmf-dist/fonts/type1/public/amsfonts/cm/cmr9.pfb></usr/local/texlive/2023/t
exmf-dist/fonts/type1/public/amsfonts/cm/cmsy10.pfb></usr/local/texlive/2023/te
xmf-dist/fonts/type1/public/amsfonts/cm/cmsy5.pfb></usr/local/texlive/2023/texm
f-dist/fonts/type1/public/amsfonts/cm/cmsy6.pfb></usr/local/texlive/2023/texmf-
dist/fonts/type1/public/amsfonts/cm/cmsy7.pfb></usr/local/texlive/2023/texmf-di
st/fonts/type1/public/amsfonts/cm/cmsy9.pfb></usr/local/texlive/2023/texmf-dist
/fonts/type1/public/amsfonts/cm/cmti9.pfb></usr/local/texlive/2023/texmf-dist/f
onts/type1/public/ipaex-type1/ipxg-r-u30.pfb></usr/local/texlive/2023/texmf-dis
t/fonts/type1/public/ipaex-type1/ipxg-r-u52.pfb></usr/local/texlive/2023/texmf-
dist/fonts/type1/public/ipaex-type1/ipxg-r-u56.pfb></usr/local/texlive/2023/tex
mf-dist/fonts/type1/public/ipaex-type1/ipxg-r-u5b.pfb></usr/local/texlive/2023/
texmf-dist/fonts/type1/public/ipaex-type1/ipxg-r-u5f.pfb></usr/local/texlive/20
23/texmf-dist/fonts/type1/public/ipaex-type1/ipxg-r-u61.pfb></usr/local/texlive
/2023/texmf-dist/fonts/type1/public/ipaex-type1/ipxg-r-u6b.pfb></usr/local/texl
ive/2023/texmf-dist/fonts/type1/public/ipaex-type1/ipxg-r-u6c.pfb></usr/local/t
exlive/2023/texmf-dist/fonts/type1/public/ipaex-type1/ipxg-r-u7b.pfb></usr/loca
l/texlive/2023/texmf-dist/fonts/type1/public/ipaex-type1/ipxg-r-u84.pfb></usr/l
ocal/texlive/2023/texmf-dist/fonts/type1/public/ipaex-type1/ipxg-r-u89.pfb></us
r/local/texlive/2023/texmf-dist/fonts/type1/public/ipaex-type1/ipxg-r-u8a.pfb><
/usr/local/texlive/2023/texmf-dist/fonts/type1/public/ipaex-type1/ipxg-r-u8b.pf
b></usr/local/texlive/2023/texmf-dist/fonts/type1/public/ipaex-type1/ipxg-r-u8f
.pfb></usr/local/texlive/2023/texmf-dist/fonts/type1/public/ipaex-type1/ipxg-r-
u90.pfb></usr/local/texlive/2023/texmf-dist/fonts/type1/public/ipaex-type1/ipxg
-r-u95.pfb></usr/local/texlive/2023/texmf-dist/fonts/type1/public/ipaex-type1/i
pxg-r-u9a.pfb></usr/local/texlive/2023/texmf-dist/fonts/type1/public/ipaex-type
1/ipxg-r-uff.pfb></usr/local/texlive/2023/texmf-dist/fonts/type1/public/ipaex-t
ype1/ipxm-r-u03.pfb></usr/local/texlive/2023/texmf-dist/fonts/type1/public/ipae
x-type1/ipxm-r-u30.pfb></usr/local/texlive/2023/texmf-dist/fonts/type1/public/i
paex-type1/ipxm-r-u4e.pfb></usr/local/texlive/2023/texmf-dist/fonts/type1/publi
c/ipaex-type1/ipxm-r-u4f.pfb></usr/local/texlive/2023/texmf-dist/fonts/type1/pu
blic/ipaex-type1/ipxm-r-u51.pfb></usr/local/texlive/2023/texmf-dist/fonts/type1
/public/ipaex-type1/ipxm-r-u52.pfb></usr/local/texlive/2023/texmf-dist/fonts/ty
pe1/public/ipaex-type1/ipxm-r-u53.pfb></usr/local/texlive/2023/texmf-dist/fonts
/type1/public/ipaex-type1/ipxm-r-u54.pfb></usr/local/texlive/2023/texmf-dist/fo
nts/type1/public/ipaex-type1/ipxm-r-u57.pfb></usr/local/texlive/2023/texmf-dist
/fonts/type1/public/ipaex-type1/ipxm-r-u58.pfb></usr/local/texlive/2023/texmf-d
ist/fonts/type1/public/ipaex-type1/ipxm-r-u59.pfb></usr/local/texlive/2023/texm
f-dist/fonts/type1/public/ipaex-type1/ipxm-r-u5b.pfb></usr/local/texlive/2023/t
exmf-dist/fonts/type1/public/ipaex-type1/ipxm-r-u5c.pfb></usr/local/texlive/202
3/texmf-dist/fonts/type1/public/ipaex-type1/ipxm-r-u5e.pfb></usr/local/texlive/
2023/texmf-dist/fonts/type1/public/ipaex-type1/ipxm-r-u5f.pfb></usr/local/texli
ve/2023/texmf-dist/fonts/type1/public/ipaex-type1/ipxm-r-u60.pfb></usr/local/te
xlive/2023/texmf-dist/fonts/type1/public/ipaex-type1/ipxm-r-u61.pfb></usr/local
/texlive/2023/texmf-dist/fonts/type1/public/ipaex-type1/ipxm-r-u63.pfb></usr/lo
cal/texlive/2023/texmf-dist/fonts/type1/public/ipaex-type1/ipxm-r-u65.pfb></usr
/local/texlive/2023/texmf-dist/fonts/type1/public/ipaex-type1/ipxm-r-u66.pfb></
usr/local/texlive/2023/texmf-dist/fonts/type1/public/ipaex-type1/ipxm-r-u67.pfb
></usr/local/texlive/2023/texmf-dist/fonts/type1/public/ipaex-type1/ipxm-r-u6a.
pfb></usr/local/texlive/2023/texmf-dist/fonts/type1/public/ipaex-type1/ipxm-r-u
6b.pfb></usr/local/texlive/2023/texmf-dist/fonts/type1/public/ipaex-type1/ipxm-
r-u6c.pfb></usr/local/texlive/2023/texmf-dist/fonts/type1/public/ipaex-type1/ip
xm-r-u6e.pfb></usr/local/texlive/2023/texmf-dist/fonts/type1/public/ipaex-type1
/ipxm-r-u6f.pfb></usr/local/texlive/2023/texmf-dist/fonts/type1/public/ipaex-ty
pe1/ipxm-r-u71.pfb></usr/local/texlive/2023/texmf-dist/fonts/type1/public/ipaex
-type1/ipxm-r-u72.pfb></usr/local/texlive/2023/texmf-dist/fonts/type1/public/ip
aex-type1/ipxm-r-u74.pfb></usr/local/texlive/2023/texmf-dist/fonts/type1/public
/ipaex-type1/ipxm-r-u75.pfb></usr/local/texlive/2023/texmf-dist/fonts/type1/pub
lic/ipaex-type1/ipxm-r-u76.pfb></usr/local/texlive/2023/texmf-dist/fonts/type1/
public/ipaex-type1/ipxm-r-u78.pfb></usr/local/texlive/2023/texmf-dist/fonts/typ
e1/public/ipaex-type1/ipxm-r-u7a.pfb></usr/local/texlive/2023/texmf-dist/fonts/
type1/public/ipaex-type1/ipxm-r-u7b.pfb></usr/local/texlive/2023/texmf-dist/fon
ts/type1/public/ipaex-type1/ipxm-r-u7c.pfb></usr/local/texlive/2023/texmf-dist/
fonts/type1/public/ipaex-type1/ipxm-r-u7d.pfb></usr/local/texlive/2023/texmf-di
st/fonts/type1/public/ipaex-type1/ipxm-r-u7e.pfb></usr/local/texlive/2023/texmf
-dist/fonts/type1/public/ipaex-type1/ipxm-r-u81.pfb></usr/local/texlive/2023/te
xmf-dist/fonts/type1/public/ipaex-type1/ipxm-r-u82.pfb></usr/local/texlive/2023
/texmf-dist/fonts/type1/public/ipaex-type1/ipxm-r-u89.pfb></usr/local/texlive/2
023/texmf-dist/fonts/type1/public/ipaex-type1/ipxm-r-u8a.pfb></usr/local/texliv
e/2023/texmf-dist/fonts/type1/public/ipaex-type1/ipxm-r-u8e.pfb></usr/local/tex
live/2023/texmf-dist/fonts/type1/public/ipaex-type1/ipxm-r-u8f.pfb></usr/local/
texlive/2023/texmf-dist/fonts/type1/public/ipaex-type1/ipxm-r-u90.pfb></usr/loc
al/texlive/2023/texmf-dist/fonts/type1/public/ipaex-type1/ipxm-r-u91.pfb></usr/
local/texlive/2023/texmf-dist/fonts/type1/public/ipaex-type1/ipxm-r-u95.pfb></u
sr/local/texlive/2023/texmf-dist/fonts/type1/public/ipaex-type1/ipxm-r-u96.pfb>
</usr/local/texlive/2023/texmf-dist/fonts/type1/public/ipaex-type1/ipxm-r-u9a.p
fb></usr/local/texlive/2023/texmf-dist/fonts/type1/public/ipaex-type1/ipxm-r-uf
f.pfb></usr/local/texlive/2023/texmf-dist/fonts/type1/public/amsfonts/symbols/m
sam10.pfb></usr/local/texlive/2023/texmf-dist/fonts/type1/public/amsfonts/symbo
ls/msbm10.pfb></usr/local/texlive/2023/texmf-dist/fonts/type1/public/txfonts/rt
xmi.pfb></usr/local/texlive/2023/texmf-dist/fonts/type1/public/txfonts/rtxr.pfb
></usr/local/texlive/2023/texmf-dist/fonts/type1/public/txfonts/txsy.pfb></usr/
local/texlive/2023/texmf-dist/fonts/type1/urw/times/utmr8a.pfb></usr/local/texl
ive/2023/texmf-dist/fonts/type1/urw/times/utmri8a.pfb>
Output written on Kitaev_kxy.pdf (24 pages, 12290842 bytes).
PDF statistics:
 1927 PDF objects out of 2073 (max. 8388607)
 1187 compressed objects within 12 object streams
 157 named destinations out of 1000 (max. 500000)
 496 words of extra memory for PDF output out of 10000 (max. 10000000)

