\BOOKMARK [0][-]{section*.2}{\376\377\000T\000h\000e\000r\000m\000a\000l\000\040\000H\000a\000l\000l\000\040\000t\000r\000a\000n\000s\000p\000o\000r\000t\000\040\000i\000n\000\040\000e\000x\000t\000e\000n\000d\000e\000d\000\040\000K\000i\000t\000a\000e\000v\000\040\000m\000o\000d\000e\000l\000s}{}% 2
\BOOKMARK [1][-]{section*.1}{\376\377\000A\000b\000s\000t\000r\000a\000c\000t}{section*.2}% 1
\BOOKMARK [1][-]{section*.3}{\376\377\000I\000n\000t\000r\000o\000d\000u\000c\000t\000i\000o\000n}{section*.2}% 3
\BOOKMARK [1][-]{section*.4}{\376\377\000M\000o\000d\000e\000l}{section*.2}% 4
\BOOKMARK [1][-]{section*.5}{\376\377\000M\000e\000t\000h\000o\000d}{section*.2}% 5
\BOOKMARK [2][-]{section*.6}{\376\377\000T\000h\000e\000r\000m\000a\000l\000\040\000H\000a\000l\000l\000\040\000c\000o\000n\000d\000u\000c\000t\000i\000v\000i\000t\000y}{section*.5}% 6
\BOOKMARK [2][-]{section*.7}{\376\377\000T\000e\000n\000s\000o\000r\000\040\000n\000e\000t\000w\000o\000r\000k\000\040\000m\000e\000t\000h\000o\000d}{section*.5}% 7
\BOOKMARK [2][-]{section*.8}{\376\377\000T\000h\000e\000r\000m\000a\000l\000\040\000p\000u\000r\000e\000\040\000q\000u\000a\000n\000t\000u\000m\000\040\000s\000t\000a\000t\000e}{section*.5}% 8
\BOOKMARK [2][-]{section*.9}{\376\377\000C\000l\000a\000s\000s\000i\000c\000a\000l\000\040\000M\000o\000n\000t\000e\000\040\000C\000a\000r\000l\000o\000\040\000s\000i\000m\000u\000l\000a\000t\000i\000o\000n}{section*.5}% 9
\BOOKMARK [1][-]{section*.10}{\376\377\000R\000e\000s\000u\000l\000t}{section*.2}% 10
\BOOKMARK [2][-]{section*.11}{\376\377\000P\000u\000r\000e\000\040\000K\000i\000t\000a\000e\000v\000\040\000m\000o\000d\000e\000l}{section*.10}% 11
\BOOKMARK [3][-]{section*.12}{\376\377\000M\000a\000g\000n\000e\000t\000i\000c\000\040\000f\000i\000l\000e\000d\000\040\000a\000l\000o\000n\000g\000\040\000[\0001\0001\0001\000]\000\040\000d\000i\000r\000e\000c\000t\000i\000o\000n}{section*.11}% 12
\BOOKMARK [3][-]{section*.13}{\376\377\000F\000i\000e\000l\000d\000-\000a\000n\000g\000l\000e\000\040\000d\000e\000p\000e\000n\000d\000e\000n\000c\000e}{section*.11}% 13
\BOOKMARK [2][-]{section*.14}{\376\377\000E\000f\000f\000e\000c\000t\000\040\000o\000f\000\040\000n\000o\000n\000-\000K\000i\000t\000a\000e\000v\000\040\000i\000n\000t\000e\000r\000a\000c\000t\000i\000o\000n\000s}{section*.10}% 14
\BOOKMARK [3][-]{section*.15}{\376\377\000S\000y\000m\000m\000e\000t\000r\000i\000c\000\040\000o\000f\000f\000-\000d\000i\000a\000g\000o\000n\000a\000l\000\040\000i\000n\000t\000e\000r\000a\000c\000t\000i\000o\000n\000\040\000'}{section*.14}% 15
\BOOKMARK [3][-]{section*.16}{\376\377\000S\000y\000m\000m\000e\000t\000r\000i\000c\000\040\000o\000f\000f\000-\000d\000i\000a\000g\000o\000n\000a\000l\000\040\000i\000n\000t\000e\000r\000a\000c\000t\000i\000o\000n\000\040}{section*.14}% 16
\BOOKMARK [2][-]{section*.17}{\376\377\000C\000l\000a\000s\000s\000i\000c\000a\000l\000\040\000l\000i\000m\000i\000t}{section*.10}% 17
\BOOKMARK [2][-]{section*.18}{\376\377\000S\000u\000m\000m\000a\000r\000y\000\040\000o\000f\000\040\000t\000e\000m\000p\000e\000r\000a\000t\000u\000r\000e\000\040\000f\000i\000e\000l\000d\000\040\000d\000e\000p\000e\000n\000d\000e\000n\000c\000e}{section*.10}% 18
\BOOKMARK [1][-]{section*.19}{\376\377\000S\000u\000m\000m\000a\000r\000y}{section*.2}% 19
\BOOKMARK [1][-]{section*.20}{\376\377\000A\000c\000k\000n\000o\000w\000l\000e\000d\000g\000m\000e\000n\000t\000s}{section*.2}% 20
\BOOKMARK [1][-]{section*.21}{\376\377\000B\000e\000n\000c\000h\000m\000a\000r\000k\000\040\000o\000n\000\040\000t\000e\000n\000s\000o\000r\000\040\000n\000e\000t\000w\000o\000r\000k\000\040\000m\000e\000t\000h\000o\000d}{section*.2}% 21
\BOOKMARK [1][-]{section*.22}{\376\377\000B\000e\000n\000c\000h\000m\000a\000r\000k\000\040\000o\000n\000\040\000t\000h\000e\000r\000m\000a\000l\000\040\000p\000u\000r\000e\000\040\000q\000u\000a\000n\000t\000u\000m\000\040\000s\000t\000a\000t\000e}{section*.2}% 22
\BOOKMARK [1][-]{section*.23}{\376\377\000C\000o\000m\000p\000a\000r\000i\000s\000o\000n\000\040\000b\000e\000t\000w\000e\000e\000n\000\040\000t\000e\000n\000s\000o\000r\000\040\000n\000e\000t\000w\000o\000r\000k\000\040\000m\000e\000t\000h\000o\000d\000\040\000a\000n\000d\000\040\000t\000h\000e\000r\000m\000a\000l\000\040\000p\000u\000r\000e\000\040\000q\000u\000a\000n\000t\000u\000m\000\040\000s\000t\000a\000t\000e}{section*.2}% 23
\BOOKMARK [1][-]{section*.24}{\376\377\000R\000e\000f\000e\000r\000e\000n\000c\000e\000s}{section*.2}% 24
