This is e-pTeX, Version 3.14159265-p3.8.2-190131-2.6 (utf8.euc) (TeX Live 2019) (preloaded format=platex 2019.12.30)  31 MAY 2023 09:34
entering extended mode
 restricted \write18 enabled.
 %&-line parsing enabled.
**Kitaev_kxy
(./Kitaev_kxy.tex
pLaTeX2e <2019-10-01>+1 (based on LaTeX2e <2019-10-01> patch level 3)
(/usr/local/texlive/2019/texmf-dist/tex/latex/revtex/revtex4-2.cls
Document Class: revtex4-2 2019/01/18/14:29:48 4.2c (https://journals.aps.org/re
vtex/ for documentation)
 Copyright (c) 2019 American Physical Society.
 mailto:revtex@aps.org
 Licensed under the LPPL:
http://www.ctan.org/tex-archive/macros/latex/base/lppl.txt
 Arthur Ogawa <arthur_ogawa at sbcglobal dot net>
 Based on work by David Carlisle <david at dcarlisle.demon.co.uk>Version (4.2c)
: Modified by Mark Doyle
 .
ltxutil[2019/01/18/14:29:48 4.2c utilities package (portions licensed from W. E
. Baxter web at superscript.com)]
LaTeX Info: Redefining \@centercr on input line 315.
Class revtex4-2 Info: Repairing broken LaTeX eqnarray on input line 365.
\eqncolsep=\skip41
Class revtex4-2 Info: Repairing hyperref-unfriendly LaTeX definition of \mpfoot
note on input line 440.
Class revtex4-2 Info: Repairing broken LateX \@sect on input line 762.
\intertabularlinepenalty=\count83
\@tbpen=\count84
\@arstrutbox@hline=\box43
Class revtex4-2 Info: Repairing broken LaTeX \@xbitor on input line 1793.
Class revtex4-2 Info: Making \typeout \long on input line 2053.
ltxfront[2019/01/18/14:29:48 4.2c frontmatter package (AO,DPC,MD)]
\c@affil=\count85
\c@collab=\count86
\absbox=\box44
ltxgrid[2019/01/18/14:29:48 4.2c page grid package (portions licensed from W. E
. Baxter web at superscript.com)]
\c@linecount=\count87
\output@latex=\toks15
\box@size@1=\box45
\box@size@2=\box46
\@protection@box=\box47
\@topmark@saved=\toks16
\footins@saved=\box48
\footins@recovered=\box49
\column@recovered=\box50
\pagesofar=\box51
\footsofar=\box52
\pagegrid@col=\count88
Class revtex4-2 Info: Overriding \@vspace, \@vspacer, \@no@pgbk, \@newline, and
 \\  on input line 5585.
\c@part=\count89
\c@section=\count90
\c@subsection=\count91
\c@subsubsection=\count92
\c@paragraph=\count93
\c@subparagraph=\count94
\abovecaptionskip=\skip42
\belowcaptionskip=\skip43
\c@figure=\count95
\fbox@1=\box53
\c@table=\count96
\fbox@2=\box54
\c@video=\count97
\fbox@4=\box55
\@bibdataout=\write3
\widetext@top=\box56
\widetext@bot=\box57
Class revtex4-2 Info: Selecting society aps on input line 7581.
(/usr/local/texlive/2019/texmf-dist/tex/latex/revtex/aps4-2.rtx
File: aps4-2 2019/01/18/14:29:48 4.2c (https://journals.aps.org/revtex/ for doc
umentation)
Class revtex4-2 Info: RevTeX society APS selected on input line 37.
)
Class revtex4-2 Info: Selecting journal prx on input line 7583.
Class revtex4-2 Info: APS journal PRX selected on input line 7584.

(/usr/local/texlive/2019/texmf-dist/tex/latex/revtex/aps10pt4-2.rtx
File: aps10pt4-2 2019/01/18/14:29:48 4.2c (https://journals.aps.org/revtex/ for
 documentation)
Class revtex4-2 Info: RevTeX pointsize 10pt selected on input line 36.
)
(/usr/local/texlive/2019/texmf-dist/tex/latex/textcase/textcase.sty
Package: textcase 2019/09/14 v1.00 Text only upper/lower case changing (DPC)
)
(/usr/local/texlive/2019/texmf-dist/tex/latex/amsfonts/amssymb.sty
Package: amssymb 2013/01/14 v3.01 AMS font symbols

(/usr/local/texlive/2019/texmf-dist/tex/latex/amsfonts/amsfonts.sty
Package: amsfonts 2013/01/14 v3.01 Basic AMSFonts support
\@emptytoks=\toks17
\symAMSa=\mathgroup4
\symAMSb=\mathgroup5
LaTeX Font Info:    Redeclaring math symbol \hbar on input line 98.
LaTeX Font Info:    Overwriting math alphabet `\mathfrak' in version `bold'
(Font)                  U/euf/m/n --> U/euf/b/n on input line 106.
))
(/usr/local/texlive/2019/texmf-dist/tex/latex/amsmath/amsmath.sty
Package: amsmath 2019/11/16 v2.17d AMS math features
\@mathmargin=\skip44

For additional information on amsmath, use the `?' option.
(/usr/local/texlive/2019/texmf-dist/tex/latex/amsmath/amstext.sty
Package: amstext 2000/06/29 v2.01 AMS text

(/usr/local/texlive/2019/texmf-dist/tex/latex/amsmath/amsgen.sty
File: amsgen.sty 1999/11/30 v2.0 generic functions
\@emptytoks=\toks18
\ex@=\dimen118
)
LaTeX Info: Redefining \text on input line 28.
)
(/usr/local/texlive/2019/texmf-dist/tex/latex/amsmath/amsbsy.sty
Package: amsbsy 1999/11/29 v1.2d Bold Symbols
\pmbraise@=\dimen119
)
(/usr/local/texlive/2019/texmf-dist/tex/latex/amsmath/amsopn.sty
Package: amsopn 2016/03/08 v2.02 operator names
)
\inf@bad=\count98
LaTeX Info: Redefining \frac on input line 227.
\uproot@=\count99
\leftroot@=\count100
LaTeX Info: Redefining \overline on input line 389.
\classnum@=\count101
\DOTSCASE@=\count102
LaTeX Info: Redefining \ldots on input line 486.
LaTeX Info: Redefining \dots on input line 489.
LaTeX Info: Redefining \cdots on input line 610.
\Mathstrutbox@=\box58
\strutbox@=\box59
\big@size=\dimen120
LaTeX Font Info:    Redeclaring font encoding OML on input line 733.
LaTeX Font Info:    Redeclaring font encoding OMS on input line 734.
\macc@depth=\count103
\c@MaxMatrixCols=\count104
\dotsspace@=\muskip10
\c@parentequation=\count105
\dspbrk@lvl=\count106
\tag@help=\toks19
\row@=\count107
\column@=\count108
\maxfields@=\count109
\andhelp@=\toks20
\eqnshift@=\dimen121
\alignsep@=\dimen122
\tagshift@=\dimen123
\tagwidth@=\dimen124
\totwidth@=\dimen125
\lineht@=\dimen126
\@envbody=\toks21
\multlinegap=\skip45
\multlinetaggap=\skip46
\mathdisplay@stack=\toks22
LaTeX Info: Redefining \[ on input line 2858.
LaTeX Info: Redefining \] on input line 2859.
)
(/usr/local/texlive/2019/texmf-dist/tex/latex/url/url.sty
\Urlmuskip=\muskip11
Package: url 2013/09/16  ver 3.4  Verb mode for urls, etc.
)
(/usr/local/texlive/2019/texmf-dist/tex/latex/natbib/natbib.sty
Package: natbib 2010/09/13 8.31b (PWD, AO)
\bibhang=\skip47
\bibsep=\skip48
LaTeX Info: Redefining \cite on input line 694.
\c@NAT@ctr=\count110
)
Class revtex4-2 Info: Repairing natbib's \BibitemShut on input line 7588.

(/usr/local/texlive/2019/texmf-dist/tex/latex/revtex/revsymb4-2.sty
Package: revsymb4-2 2019/01/18/14:29:48 4.2c (https://journals.aps.org/revtex/ 
for documentation)
LaTeX Info: Redefining \frak on input line 101.
LaTeX Info: Redefining \Bbb on input line 117.
LaTeX Info: Redefining \REV@mathfrak on input line 125.
))
(/usr/local/texlive/2019/texmf-dist/tex/latex/graphics/graphicx.sty
Package: graphicx 2017/06/01 v1.1a Enhanced LaTeX Graphics (DPC,SPQR)

(/usr/local/texlive/2019/texmf-dist/tex/latex/graphics/keyval.sty
Package: keyval 2014/10/28 v1.15 key=value parser (DPC)
\KV@toks@=\toks23
)
(/usr/local/texlive/2019/texmf-dist/tex/latex/graphics/graphics.sty
Package: graphics 2019/11/01 v1.3d Standard LaTeX Graphics (DPC,SPQR)

(/usr/local/texlive/2019/texmf-dist/tex/latex/graphics/trig.sty
Package: trig 2016/01/03 v1.10 sin cos tan (DPC)
)
(/usr/local/texlive/2019/texmf-dist/tex/latex/graphics-cfg/graphics.cfg
File: graphics.cfg 2016/06/04 v1.11 sample graphics configuration
)
Package graphics Info: Driver file: dvipdfmx.def on input line 105.

(/usr/local/texlive/2019/texmf-dist/tex/latex/graphics-def/dvipdfmx.def
File: dvipdfmx.def 2017/06/24 v5.0g Graphics/color driver for dvipdfmx
))
\Gin@req@height=\dimen127
\Gin@req@width=\dimen128
)
(/usr/local/texlive/2019/texmf-dist/tex/latex/tools/dcolumn.sty
Package: dcolumn 2014/10/28 v1.06 decimal alignment package (DPC)

(/usr/local/texlive/2019/texmf-dist/tex/latex/tools/array.sty
Package: array 2019/08/31 v2.4l Tabular extension package (FMi)
\col@sep=\dimen129
\ar@mcellbox=\box60
\extrarowheight=\dimen130
\NC@list=\toks24
\extratabsurround=\skip49
\backup@length=\skip50
\ar@cellbox=\box61
))
(/usr/local/texlive/2019/texmf-dist/tex/latex/tools/bm.sty
Package: bm 2019/07/24 v1.2d Bold Symbol Support (DPC/FMi)
\symboldoperators=\mathgroup6
\symboldletters=\mathgroup7
\symboldsymbols=\mathgroup8
LaTeX Font Info:    Redeclaring math alphabet \mathbf on input line 141.
LaTeX Info: Redefining \bm on input line 209.
)
(/usr/local/texlive/2019/texmf-dist/tex/latex/graphics/color.sty
Package: color 2016/07/10 v1.1e Standard LaTeX Color (DPC)

(/usr/local/texlive/2019/texmf-dist/tex/latex/graphics-cfg/color.cfg
File: color.cfg 2016/01/02 v1.6 sample color configuration
)
Package color Info: Driver file: dvips.def on input line 147.

(/usr/local/texlive/2019/texmf-dist/tex/latex/graphics-def/dvips.def
File: dvips.def 2017/06/20 v3.1d Graphics/color driver for dvips
)
(/usr/local/texlive/2019/texmf-dist/tex/latex/graphics/dvipsnam.def
File: dvipsnam.def 2016/06/17 v3.0m Driver-dependent file (DPC,SPQR)
))
Class revtex4-2 Info: Unrecognized array package. Please update this document c
lass! (Proceeding with fingers crossed.) on input line 13.
Class revtex4-2 Info: cite was not loaded (OK!) on input line 13.
Class revtex4-2 Info: mcite was not loaded (OK!) on input line 13.
Class revtex4-2 Info: multicol was not loaded (OK!) on input line 13.

(./Kitaev_kxy.aux)
\openout1 = `Kitaev_kxy.aux'.

LaTeX Font Info:    Checking defaults for OML/cmm/m/it on input line 13.
LaTeX Font Info:    ... okay on input line 13.
LaTeX Font Info:    Checking defaults for T1/cmr/m/n on input line 13.
LaTeX Font Info:    ... okay on input line 13.
LaTeX Font Info:    Checking defaults for OT1/cmr/m/n on input line 13.
LaTeX Font Info:    ... okay on input line 13.
LaTeX Font Info:    Checking defaults for OMS/cmsy/m/n on input line 13.
LaTeX Font Info:    ... okay on input line 13.
LaTeX Font Info:    Checking defaults for OMX/cmex/m/n on input line 13.
LaTeX Font Info:    ... okay on input line 13.
LaTeX Font Info:    Checking defaults for U/cmr/m/n on input line 13.
LaTeX Font Info:    ... okay on input line 13.
LaTeX Font Info:    Checking defaults for JY1/mc/m/n on input line 13.
LaTeX Font Info:    ... okay on input line 13.
LaTeX Font Info:    Checking defaults for JT1/mc/m/n on input line 13.
LaTeX Font Info:    ... okay on input line 13.
\openout3 = `Kitaev_kxyNotes.bib'.

LaTeX Font Info:    Font shape `JT1/mc/bx/n' in size <12> not available
(Font)              Font shape `JT1/gt/m/n' tried instead on input line 33.
LaTeX Font Info:    Font shape `JY1/mc/bx/n' in size <12> not available
(Font)              Font shape `JY1/gt/m/n' tried instead on input line 33.


LaTeX Font Warning: Font shape `JT1/mc/m/it' undefined
(Font)              using `JT1/mc/m/n' instead on input line 33.


LaTeX Font Warning: Font shape `JY1/mc/m/it' undefined
(Font)              using `JY1/mc/m/n' instead on input line 33.

LaTeX Font Info:    Font shape `JT1/mc/bx/n' in size <9> not available
(Font)              Font shape `JT1/gt/m/n' tried instead on input line 34.
LaTeX Font Info:    Font shape `JY1/mc/bx/n' in size <9> not available
(Font)              Font shape `JY1/gt/m/n' tried instead on input line 34.
LaTeX Font Info:    Font shape `JT1/mc/bx/n' in size <10> not available
(Font)              Font shape `JT1/gt/m/n' tried instead on input line 35.
LaTeX Font Info:    Font shape `JY1/mc/bx/n' in size <10> not available
(Font)              Font shape `JY1/gt/m/n' tried instead on input line 35.

Package natbib Warning: Citation `xxx' on page 1 undefined on input line 35.

LaTeX Font Info:    Trying to load font information for U+msa on input line 39.

(/usr/local/texlive/2019/texmf-dist/tex/latex/amsfonts/umsa.fd
File: umsa.fd 2013/01/14 v3.01 AMS symbols A
)
LaTeX Font Info:    Trying to load font information for U+msb on input line 39.


(/usr/local/texlive/2019/texmf-dist/tex/latex/amsfonts/umsb.fd
File: umsb.fd 2013/01/14 v3.01 AMS symbols B
)

Package natbib Warning: Citation `RuCl_3_kxy' on page 1 undefined on input line
 41.


Package natbib Warning: Citation `xxx' on page 1 undefined on input line 41.


Package natbib Warning: Citation `xxx' on page 1 undefined on input line 41.


Package natbib Warning: Citation `xxx' on page 1 undefined on input line 41.


Package natbib Warning: Citation `xxx' on page 1 undefined on input line 41.


Package natbib Warning: Citation `xxx' on page 1 undefined on input line 41.


Package natbib Warning: Citation `...' on page 1 undefined on input line 43.


Package natbib Warning: Citation `xxx' on page 1 undefined on input line 43.


Package natbib Warning: Citation `xxx' on page 1 undefined on input line 45.


Package natbib Warning: Citation `xxx' on page 1 undefined on input line 45.


Package natbib Warning: Citation `xxx' on page 1 undefined on input line 45.


Package natbib Warning: Citation `xxx' on page 1 undefined on input line 45.

[1]
File: Figs/lattice.pdf Graphic file (type pdf)
<Figs/lattice.pdf>
 [2]

LaTeX Warning: A float is stuck (cannot be placed); try class option [floatfix]
 on input line 93.

[3]
File: Figs/XTRG_MPO.pdf Graphic file (type pdf)
<Figs/XTRG_MPO.pdf>
 [4]
File: Figs/plot_CMF.pdf Graphic file (type pdf)
<Figs/plot_CMF.pdf>
 [5]
File: Figs/J_line_all.pdf Graphic file (type pdf)
<Figs/J_line_all.pdf>
File: Figs/plot_k_all.pdf Graphic file (type pdf)
<Figs/plot_k_all.pdf>
File: Figs/plot_k_all_h0.04_ab.pdf Graphic file (type pdf)
<Figs/plot_k_all_h0.04_ab.pdf>
File: Figs/plot_k_all_h0.08_ab.pdf Graphic file (type pdf)
<Figs/plot_k_all_h0.08_ab.pdf>
 [6] [7]

LaTeX Warning: A float is stuck (cannot be placed); try class option [floatfix]
 on input line 302.

File: Figs/plot_CMF_h0.04_G.pdf Graphic file (type pdf)
<Figs/plot_CMF_h0.04_G.pdf>
File: Figs/plot_CMF_h0.08_G.pdf Graphic file (type pdf)
<Figs/plot_CMF_h0.08_G.pdf>
File: Figs/plot_k_all_h0.04_G.pdf Graphic file (type pdf)
<Figs/plot_k_all_h0.04_G.pdf>
File: Figs/plot_k_all_h0.08_G.pdf Graphic file (type pdf)
<Figs/plot_k_all_h0.08_G.pdf>
File: Figs/plot_CMF_h0.04_Gp.pdf Graphic file (type pdf)
<Figs/plot_CMF_h0.04_Gp.pdf>
File: Figs/plot_CMF_h0.08_Gp.pdf Graphic file (type pdf)
<Figs/plot_CMF_h0.08_Gp.pdf>
[8]

LaTeX Warning: A float is stuck (cannot be placed); try class option [floatfix]
 on input line 360.

File: Figs/plot_k_all_h0.04_Gp.pdf Graphic file (type pdf)
<Figs/plot_k_all_h0.04_Gp.pdf>
File: Figs/plot_k_all_h0.08_Gp.pdf Graphic file (type pdf)
<Figs/plot_k_all_h0.08_Gp.pdf>
File: Figs/fig_K-1.0_G0.00_Gp0.00_c.pdf Graphic file (type pdf)
<Figs/fig_K-1.0_G0.00_Gp0.00_c.pdf>
[9]

LaTeX Warning: A float is stuck (cannot be placed); try class option [floatfix]
 on input line 397.

File: Figs/fig_K-1.0_G0.00_Gp0.00_h0.04.pdf Graphic file (type pdf)
<Figs/fig_K-1.0_G0.00_Gp0.00_h0.04.pdf>
[10]

LaTeX Warning: A float is stuck (cannot be placed); try class option [floatfix]
 on input line 441.

File: Figs/fig_K-1.0_Gp0.00_h0.04.pdf Graphic file (type pdf)
<Figs/fig_K-1.0_Gp0.00_h0.04.pdf>
[11]

LaTeX Warning: A float is stuck (cannot be placed); try class option [floatfix]
 on input line 492.

File: Figs/fig_K-1.0_G0.00_h0.04.pdf Graphic file (type pdf)
<Figs/fig_K-1.0_G0.00_h0.04.pdf>
[12]

LaTeX Warning: A float is stuck (cannot be placed); try class option [floatfix]
 on input line 535.

[13]

LaTeX Warning: A float is stuck (cannot be placed); try class option [floatfix]
 on input line 552.

File: Figs/color_map_G.pdf Graphic file (type pdf)
<Figs/color_map_G.pdf>
File: Figs/color_map_Gp.pdf Graphic file (type pdf)
<Figs/color_map_Gp.pdf>
File: Figs/fig_cmap_classical.pdf Graphic file (type pdf)
<Figs/fig_cmap_classical.pdf>

LaTeX Warning: Reference `fig:CMK_XC4' on page 14 undefined on input line 594.

File: Figs/plot_CMk.pdf Graphic file (type pdf)
<Figs/plot_CMk.pdf>
File: Figs/plot_CMk_XC4.pdf Graphic file (type pdf)
<Figs/plot_CMk_XC4.pdf>
File: Figs/plot_CMF_h0.04_ab.pdf Graphic file (type pdf)
<Figs/plot_CMF_h0.04_ab.pdf>
File: Figs/plot_CMF_h0.08_ab.pdf Graphic file (type pdf)
<Figs/plot_CMF_h0.08_ab.pdf>
File: Figs/color_map_G_XC4.pdf Graphic file (type pdf)
<Figs/color_map_G_XC4.pdf>
File: Figs/color_map_Gp_XC4.pdf Graphic file (type pdf)
<Figs/color_map_Gp_XC4.pdf>
File: Figs/compED_4_o.pdf Graphic file (type pdf)
<Figs/compED_4_o.pdf>
[14] [15]

LaTeX Warning: A float is stuck (cannot be placed); try class option [floatfix]
 on input line 728.

File: Figs/compXTRG_3_o.pdf Graphic file (type pdf)
<Figs/compXTRG_3_o.pdf>
(./Kitaev_kxy.bbl
Underfull \hbox (badness 1762) in paragraph at lines 76--84
 \OT1/cmr/m/n/9 tion-al-iza-tion of quan-tum spins in a ki-taev model:
 []

[16]

LaTeX Warning: A float is stuck (cannot be placed); try class option [floatfix]
 on input line 84.


Underfull \hbox (badness 10000) in paragraph at lines 231--237
 []\OT1/cmr/m/n/9 S. Lloyd, Pure state quan-tum sta-tis-ti-cal me-
 []


Underfull \hbox (badness 10000) in paragraph at lines 231--237
 \OT1/cmr/m/n/9 chan-ics and black holes, arXiv:1307.0378
 []

[17]
Underfull \hbox (badness 1436) in paragraph at lines 296--303
 \OT1/cmr/m/n/9 Order-by-disorder and spin-orbital liq-uids in a dis-
 []


LaTeX Font Warning: Font shape `JT1/gt/m/it' undefined
(Font)              using `JT1/gt/m/n' instead on input line 383.


LaTeX Font Warning: Font shape `JY1/gt/m/it' undefined
(Font)              using `JY1/gt/m/n' instead on input line 383.

)

Package natbib Warning: There were undefined citations.

[18] [19] (./Kitaev_kxy.aux)

LaTeX Font Warning: Some font shapes were not available, defaults substituted.


LaTeX Warning: There were undefined references.

 ) 
Here is how much of TeX's memory you used:
 4340 strings out of 492759
 56007 string characters out of 6140110
 151380 words of memory out of 5000000
 8709 multiletter control sequences out of 15000+600000
 19137 words of font info for 74 fonts, out of 8000000 for 9000
 929 hyphenation exceptions out of 8191
 38i,12n,35p,1798b,454s stack positions out of 5000i,500n,10000p,200000b,80000s

Output written on Kitaev_kxy.dvi (19 pages, 104448 bytes).
