\BOOKMARK [0][-]{section*.2}{Thermal Hall transport in extended Kitaev models}{}% 2
\BOOKMARK [1][-]{section*.1}{Abstract}{section*.2}% 1
\BOOKMARK [1][-]{section*.3}{Introduction}{section*.2}% 3
\BOOKMARK [1][-]{section*.4}{Model}{section*.2}% 4
\BOOKMARK [1][-]{section*.5}{Method}{section*.2}% 5
\BOOKMARK [2][-]{section*.6}{Thermal Hall conductivity}{section*.5}% 6
\BOOKMARK [2][-]{section*.7}{Tensor network method}{section*.5}% 7
\BOOKMARK [2][-]{section*.8}{Thermal pure quantum state}{section*.5}% 8
\BOOKMARK [2][-]{section*.9}{Classical Monte Carlo simulation}{section*.5}% 9
\BOOKMARK [1][-]{section*.10}{Result}{section*.2}% 10
\BOOKMARK [2][-]{section*.11}{Pure Kitaev model}{section*.10}% 11
\BOOKMARK [3][-]{section*.12}{Magnetic field along [111] direction}{section*.11}% 12
\BOOKMARK [3][-]{section*.13}{Field-direction dependence}{section*.11}% 13
\BOOKMARK [2][-]{section*.14}{Effect of non-Kitaev interactions}{section*.10}% 14
\BOOKMARK [3][-]{section*.15}{Symmetric off-diagonal interaction }{section*.14}% 15
\BOOKMARK [3][-]{section*.16}{Symmetric off-diagonal interaction }{section*.14}% 16
\BOOKMARK [2][-]{section*.17}{Classical limit}{section*.10}% 17
\BOOKMARK [2][-]{section*.18}{Summary of temperature field dependence}{section*.10}% 18
\BOOKMARK [1][-]{section*.19}{Summary and Discussion}{section*.2}% 19
\BOOKMARK [1][-]{section*.20}{Acknowledgments}{section*.2}% 20
\BOOKMARK [1][-]{section*.21}{Benchmark on tensor network method}{section*.2}% 21
\BOOKMARK [1][-]{section*.22}{Benchmark on thermal pure quantum state}{section*.2}% 22
\BOOKMARK [1][-]{section*.23}{Comparison between tensor network method and thermal pure quantum state}{section*.2}% 23
\BOOKMARK [1][-]{section*.24}{References}{section*.2}% 24
